<?xml version="1.0" encoding="UTF-8"?>
<!-- Generated by org.testng.reporters.JUnitReportReporter -->
<testsuite hostname="WKWZT9FZ7AtdUOq" failures="0" tests="6" name="com.InterviewDemoProject.testcases.Login" time="42.035" errors="0" timestamp="2023-11-27T20:52:18 IST" skipped="0">
  <testcase classname="com.InterviewDemoProject.testcases.Login" name="verifyLoginWithValidId" time="6.715"/>
  <system-out/>
  <testcase classname="com.InterviewDemoProject.testcases.Login" name="verifyLoginWithValidId" time="7.285"/>
  <system-out/>
  <testcase classname="com.InterviewDemoProject.testcases.Login" name="verifyLoginWithValidId" time="6.880"/>
  <system-out/>
  <testcase classname="com.InterviewDemoProject.testcases.Login" name="LoginWithInvalidCred" time="5.850"/>
  <system-out/>
  <testcase classname="com.InterviewDemoProject.testcases.Login" name="ValidUserNameWithInvalidPassword" time="8.468"/>
  <system-out/>
  <testcase classname="com.InterviewDemoProject.testcases.Login" name="InvalidUsernameWithValidPwd" time="6.837"/>
  <system-out/>
</testsuite> <!-- com.InterviewDemoProject.testcases.Login -->
